<?xml version="1.0" encoding="UTF-8"?>
<!-- Generated by org.testng.reporters.JUnitReportReporter -->
<testsuite hostname="SOUMYABRATA-NANDI" failures="0" tests="1" name="hms.Integration.DoctorSpecialization_Test" time="28.532" errors="0" timestamp="2024-11-26T09:47:49 IST" skipped="0">
  <testcase classname="hms.Integration.DoctorSpecialization_Test" name="doctorSpecialization" time="28.532"/>
</testsuite> <!-- hms.Integration.DoctorSpecialization_Test -->
