<?xml version="1.0" encoding="UTF-8"?>
<!-- Generated by org.testng.reporters.JUnitReportReporter -->
<testsuite hostname="SOUMYABRATA-NANDI" failures="0" tests="1" name="hms.systemTestScript.CreateDoctorAccount_Test" time="28.778" errors="0" timestamp="2024-11-26T09:41:33 IST" skipped="0">
  <testcase classname="hms.systemTestScript.CreateDoctorAccount_Test" name="createDoctor_Test" time="28.778"/>
</testsuite> <!-- hms.systemTestScript.CreateDoctorAccount_Test -->
