<?xml version="1.0" encoding="UTF-8"?>
<!-- Generated by org.testng.reporters.JUnitReportReporter -->
<testsuite hostname="SOUMYABRATA-NANDI" failures="0" tests="1" name="testScripts.PatientHomePage" time="7.468" errors="0" timestamp="2024-11-26T09:41:33 IST" skipped="0">
  <testcase classname="testScripts.PatientHomePage" name="login" time="7.468"/>
</testsuite> <!-- testScripts.PatientHomePage -->
