<?xml version="1.0" encoding="UTF-8"?>
<!-- Generated by org.testng.reporters.JUnitReportReporter -->
<testsuite hostname="SOUMYABRATA-NANDI" failures="0" tests="1" name="hms.Integration.UpdateDoctorDetails" time="30.778" errors="0" timestamp="2024-11-26T09:47:49 IST" skipped="0">
  <testcase classname="hms.Integration.UpdateDoctorDetails" name="manageDoctor" time="30.778"/>
</testsuite> <!-- hms.Integration.UpdateDoctorDetails -->
