<?xml version="1.0" encoding="UTF-8"?>
<!-- Generated by org.testng.reporters.JUnitReportReporter -->
<testsuite hostname="SOUMYABRATA-NANDI" failures="0" tests="1" name="testScripts.Checking" time="3.855" errors="0" timestamp="2024-11-21T17:27:25 IST" skipped="0">
  <testcase classname="testScripts.Checking" name="login" time="3.855"/>
</testsuite> <!-- testScripts.Checking -->
