<?xml version="1.0" encoding="UTF-8"?>
<!-- Generated by org.testng.reporters.JUnitReportReporter -->
<testsuite hostname="SOUMYABRATA-NANDI" failures="0" tests="1" name="hms.systemTestScript.Addpatient_Test" time="15.774" errors="0" timestamp="2024-11-26T09:47:49 IST" skipped="0">
  <testcase classname="hms.systemTestScript.Addpatient_Test" name="addPatient" time="15.774"/>
</testsuite> <!-- hms.systemTestScript.Addpatient_Test -->
