<?xml version="1.0" encoding="UTF-8"?>
<!-- Generated by org.testng.reporters.JUnitReportReporter -->
<testsuite hostname="SOUMYABRATA-NANDI" failures="0" tests="1" name="testScripts.LoginToadminmodule" time="7.569" errors="0" timestamp="2024-11-26T09:41:33 IST" skipped="0">
  <testcase classname="testScripts.LoginToadminmodule" name="adminLogin" time="7.569"/>
</testsuite> <!-- testScripts.LoginToadminmodule -->
